 
****************************************
Report : area
Design : fir_parallel_l2
Version: W-2024.09-SP2
Date   : Wed Mar 18 20:57:37 2026
****************************************

Library(s) Used:

    lsi_10k (File: /cad/synopsys/design_compiler/W-2024.09-SP2/libraries/syn/lsi_10k.db)

Number of ports:                           34
Number of nets:                         44315
Number of cells:                        23445
Number of combinational cells:          19715
Number of sequential cells:              3728
Number of macros/black boxes:               0
Number of buf/inv:                        644
Number of references:                      41

Combinational area:             158237.000000
Buf/Inv area:                     1184.000000
Noncombinational area:           27073.000000
Macro/Black Box area:                0.000000
Net Interconnect area:      undefined  (No wire load specified)

Total cell area:                185310.000000
Total area:                 undefined
1
