Information: Updating design information... (UID-85)
Warning: Design 'fir_parallel_l3' contains 1 high-fanout nets. A fanout number of 1000 will be used for delay calculations involving these nets. (TIM-134)
 
****************************************
Report : qor
Design : fir_parallel_l3
Version: W-2024.09-SP2
Date   : Wed Mar 18 21:29:00 2026
****************************************


  Timing Path Group 'clk'
  -----------------------------------
  Levels of Logic:              26.00
  Critical Path Length:         43.75
  Critical Path Slack:         -34.60
  Critical Path Clk Period:     10.00
  Total Negative Slack:       -552.00
  No. of Violating Paths:       16.00
  Worst Hold Violation:          0.00
  Total Hold Violation:          0.00
  No. of Hold Violations:        0.00
  -----------------------------------


  Cell Count
  -----------------------------------
  Hierarchical Cell Count:          0
  Hierarchical Port Count:          0
  Leaf Cell Count:              23449
  Buf/Inv Cell Count:             655
  Buf Cell Count:                 144
  Inv Cell Count:                 655
  CT Buf/Inv Cell Count:            0
  Combinational Cell Count:     19721
  Sequential Cell Count:         3728
  Macro Count:                      0
  -----------------------------------


  Area
  -----------------------------------
  Combinational Area:   158121.000000
  Noncombinational Area: 27051.000000
  Buf/Inv Area:           1206.000000
  Total Buffer Area:           251.00
  Total Inverter Area:        1206.00
  Macro/Black Box Area:      0.000000
  Net Area:                  0.000000
  -----------------------------------
  Cell Area:            185172.000000
  Design Area:          185172.000000


  Design Rules
  -----------------------------------
  Total Number of Nets:         44324
  Nets With Violations:             0
  Max Trans Violations:             0
  Max Cap Violations:               0
  -----------------------------------


  Hostname: ts3.ecse.rpi.edu

  Compile CPU Statistics
  -----------------------------------------
  Resource Sharing:                   75.90
  Logic Optimization:               1145.50
  Mapping Optimization:              576.59
  -----------------------------------------
  Overall Compile Time:             1866.10
  Overall Compile Wall Clock Time:  1872.60

  --------------------------------------------------------------------

  Design  WNS: 34.60  TNS: 552.00  Number of Violating Paths: 16


  Design (Hold)  WNS: 0.00  TNS: 0.00  Number of Violating Paths: 0

  --------------------------------------------------------------------


1
