 
****************************************
Report : timing
        -path full
        -delay max
        -max_paths 5
Design : fir_parallel_l2
Version: W-2024.09-SP2
Date   : Wed Mar 18 20:57:37 2026
****************************************

 # A fanout number of 1000 was used for high fanout net computations.

Operating Conditions: nom_pvt   Library: lsi_10k
Wire Load Model Mode: top

  Startpoint: x_delay_reg[83][10]
              (rising edge-triggered flip-flop clocked by clk)
  Endpoint: y_out_reg[7]
            (rising edge-triggered flip-flop clocked by clk)
  Path Group: clk
  Path Type: max

  Point                                    Incr       Path
  -----------------------------------------------------------
  clock clk (rise edge)                    0.00       0.00
  clock network delay (ideal)              0.00       0.00
  x_delay_reg[83][10]/CP (FD1P)            0.00 #     0.00 r
  x_delay_reg[83][10]/Q (FD1P)             1.75       1.75 f
  U11351/S (FA1AP)                         2.18       3.94 r
  U11987/S (FA1AP)                         2.18       6.12 r
  U12510/S (FA1AP)                         2.18       8.30 r
  U13188/S (FA1AP)                         2.11      10.41 r
  U13487/S (FA1AP)                         2.18      12.60 r
  U14310/S (FA1AP)                         2.18      14.78 r
  U14978/S (FA1AP)                         2.18      16.97 r
  U15487/S (FA1AP)                         2.18      19.15 r
  U9244/S (FA1AP)                          2.18      21.33 r
  U16562/CO (FA1A)                         2.18      23.51 r
  U16640/S (FA1AP)                         2.11      25.63 r
  U907/S (FA1A)                            2.14      27.76 r
  U17361/CO (FA1AP)                        2.18      29.95 r
  U17365/S (FA1AP)                         2.18      32.13 r
  U17371/S (FA1AP)                         1.08      33.21 r
  U1403/S (FA1AP)                          2.11      35.33 f
  U9140/Z (IVDAP)                          0.62      35.94 f
  U1379/Z (AN2P)                           1.01      36.96 f
  U18239/Z (NR2P)                          0.94      37.90 r
  U9255/Z (MUX21L)                         0.96      38.86 r
  U9253/Z (MUX21LP)                        0.99      39.85 r
  U9433/Z (MUX21LP)                        0.49      40.34 f
  U9456/Z (MUX31LP)                        0.43      40.78 f
  U9455/Z (AO6P)                           1.06      41.84 r
  U19695/Z (ND2P)                          0.34      42.18 f
  U19696/Z2 (B2IP)                         1.01      43.20 f
  U19718/Z (AO3P)                          0.63      43.83 r
  y_out_reg[7]/D (FD2)                     0.00      43.83 r
  data arrival time                                  43.83

  clock clk (rise edge)                   10.00      10.00
  clock network delay (ideal)              0.00      10.00
  y_out_reg[7]/CP (FD2)                    0.00      10.00 r
  library setup time                      -0.85       9.15
  data required time                                  9.15
  -----------------------------------------------------------
  data required time                                  9.15
  data arrival time                                 -43.83
  -----------------------------------------------------------
  slack (VIOLATED)                                  -34.68


  Startpoint: x_delay_reg[83][10]
              (rising edge-triggered flip-flop clocked by clk)
  Endpoint: y_out_reg[6]
            (rising edge-triggered flip-flop clocked by clk)
  Path Group: clk
  Path Type: max

  Point                                    Incr       Path
  -----------------------------------------------------------
  clock clk (rise edge)                    0.00       0.00
  clock network delay (ideal)              0.00       0.00
  x_delay_reg[83][10]/CP (FD1P)            0.00 #     0.00 r
  x_delay_reg[83][10]/Q (FD1P)             1.75       1.75 f
  U11351/S (FA1AP)                         2.18       3.94 r
  U11987/S (FA1AP)                         2.18       6.12 r
  U12510/S (FA1AP)                         2.18       8.30 r
  U13188/S (FA1AP)                         2.11      10.41 r
  U13487/S (FA1AP)                         2.18      12.60 r
  U14310/S (FA1AP)                         2.18      14.78 r
  U14978/S (FA1AP)                         2.18      16.97 r
  U15487/S (FA1AP)                         2.18      19.15 r
  U9244/S (FA1AP)                          2.18      21.33 r
  U16562/CO (FA1A)                         2.18      23.51 r
  U16640/S (FA1AP)                         2.11      25.63 r
  U907/S (FA1A)                            2.14      27.76 r
  U17361/CO (FA1AP)                        2.18      29.95 r
  U17365/S (FA1AP)                         2.18      32.13 r
  U17371/S (FA1AP)                         1.08      33.21 r
  U1403/S (FA1AP)                          2.11      35.33 f
  U9140/Z (IVDAP)                          0.62      35.94 f
  U1379/Z (AN2P)                           1.01      36.96 f
  U18239/Z (NR2P)                          0.94      37.90 r
  U9255/Z (MUX21L)                         0.96      38.86 r
  U9253/Z (MUX21LP)                        0.99      39.85 r
  U9433/Z (MUX21LP)                        0.49      40.34 f
  U9456/Z (MUX31LP)                        0.43      40.78 f
  U9455/Z (AO6P)                           1.06      41.84 r
  U19695/Z (ND2P)                          0.34      42.18 f
  U19696/Z2 (B2IP)                         1.01      43.20 f
  U19717/Z (AO3P)                          0.63      43.83 r
  y_out_reg[6]/D (FD2)                     0.00      43.83 r
  data arrival time                                  43.83

  clock clk (rise edge)                   10.00      10.00
  clock network delay (ideal)              0.00      10.00
  y_out_reg[6]/CP (FD2)                    0.00      10.00 r
  library setup time                      -0.85       9.15
  data required time                                  9.15
  -----------------------------------------------------------
  data required time                                  9.15
  data arrival time                                 -43.83
  -----------------------------------------------------------
  slack (VIOLATED)                                  -34.68


  Startpoint: x_delay_reg[83][10]
              (rising edge-triggered flip-flop clocked by clk)
  Endpoint: y_out_reg[4]
            (rising edge-triggered flip-flop clocked by clk)
  Path Group: clk
  Path Type: max

  Point                                    Incr       Path
  -----------------------------------------------------------
  clock clk (rise edge)                    0.00       0.00
  clock network delay (ideal)              0.00       0.00
  x_delay_reg[83][10]/CP (FD1P)            0.00 #     0.00 r
  x_delay_reg[83][10]/Q (FD1P)             1.75       1.75 f
  U11351/S (FA1AP)                         2.18       3.94 r
  U11987/S (FA1AP)                         2.18       6.12 r
  U12510/S (FA1AP)                         2.18       8.30 r
  U13188/S (FA1AP)                         2.11      10.41 r
  U13487/S (FA1AP)                         2.18      12.60 r
  U14310/S (FA1AP)                         2.18      14.78 r
  U14978/S (FA1AP)                         2.18      16.97 r
  U15487/S (FA1AP)                         2.18      19.15 r
  U9244/S (FA1AP)                          2.18      21.33 r
  U16562/CO (FA1A)                         2.18      23.51 r
  U16640/S (FA1AP)                         2.11      25.63 r
  U907/S (FA1A)                            2.14      27.76 r
  U17361/CO (FA1AP)                        2.18      29.95 r
  U17365/S (FA1AP)                         2.18      32.13 r
  U17371/S (FA1AP)                         1.08      33.21 r
  U1403/S (FA1AP)                          2.11      35.33 f
  U9140/Z (IVDAP)                          0.62      35.94 f
  U1379/Z (AN2P)                           1.01      36.96 f
  U18239/Z (NR2P)                          0.94      37.90 r
  U9255/Z (MUX21L)                         0.96      38.86 r
  U9253/Z (MUX21LP)                        0.99      39.85 r
  U9433/Z (MUX21LP)                        0.49      40.34 f
  U9456/Z (MUX31LP)                        0.43      40.78 f
  U9455/Z (AO6P)                           1.06      41.84 r
  U19695/Z (ND2P)                          0.34      42.18 f
  U19696/Z2 (B2IP)                         1.01      43.20 f
  U9445/Z (AO3P)                           0.63      43.83 r
  y_out_reg[4]/D (FD2)                     0.00      43.83 r
  data arrival time                                  43.83

  clock clk (rise edge)                   10.00      10.00
  clock network delay (ideal)              0.00      10.00
  y_out_reg[4]/CP (FD2)                    0.00      10.00 r
  library setup time                      -0.85       9.15
  data required time                                  9.15
  -----------------------------------------------------------
  data required time                                  9.15
  data arrival time                                 -43.83
  -----------------------------------------------------------
  slack (VIOLATED)                                  -34.68


  Startpoint: x_delay_reg[83][10]
              (rising edge-triggered flip-flop clocked by clk)
  Endpoint: y_out_reg[3]
            (rising edge-triggered flip-flop clocked by clk)
  Path Group: clk
  Path Type: max

  Point                                    Incr       Path
  -----------------------------------------------------------
  clock clk (rise edge)                    0.00       0.00
  clock network delay (ideal)              0.00       0.00
  x_delay_reg[83][10]/CP (FD1P)            0.00 #     0.00 r
  x_delay_reg[83][10]/Q (FD1P)             1.75       1.75 f
  U11351/S (FA1AP)                         2.18       3.94 r
  U11987/S (FA1AP)                         2.18       6.12 r
  U12510/S (FA1AP)                         2.18       8.30 r
  U13188/S (FA1AP)                         2.11      10.41 r
  U13487/S (FA1AP)                         2.18      12.60 r
  U14310/S (FA1AP)                         2.18      14.78 r
  U14978/S (FA1AP)                         2.18      16.97 r
  U15487/S (FA1AP)                         2.18      19.15 r
  U9244/S (FA1AP)                          2.18      21.33 r
  U16562/CO (FA1A)                         2.18      23.51 r
  U16640/S (FA1AP)                         2.11      25.63 r
  U907/S (FA1A)                            2.14      27.76 r
  U17361/CO (FA1AP)                        2.18      29.95 r
  U17365/S (FA1AP)                         2.18      32.13 r
  U17371/S (FA1AP)                         1.08      33.21 r
  U1403/S (FA1AP)                          2.11      35.33 f
  U9140/Z (IVDAP)                          0.62      35.94 f
  U1379/Z (AN2P)                           1.01      36.96 f
  U18239/Z (NR2P)                          0.94      37.90 r
  U9255/Z (MUX21L)                         0.96      38.86 r
  U9253/Z (MUX21LP)                        0.99      39.85 r
  U9433/Z (MUX21LP)                        0.49      40.34 f
  U9456/Z (MUX31LP)                        0.43      40.78 f
  U9455/Z (AO6P)                           1.06      41.84 r
  U19695/Z (ND2P)                          0.34      42.18 f
  U19696/Z2 (B2IP)                         1.01      43.20 f
  U19707/Z (AO3P)                          0.63      43.83 r
  y_out_reg[3]/D (FD2)                     0.00      43.83 r
  data arrival time                                  43.83

  clock clk (rise edge)                   10.00      10.00
  clock network delay (ideal)              0.00      10.00
  y_out_reg[3]/CP (FD2)                    0.00      10.00 r
  library setup time                      -0.85       9.15
  data required time                                  9.15
  -----------------------------------------------------------
  data required time                                  9.15
  data arrival time                                 -43.83
  -----------------------------------------------------------
  slack (VIOLATED)                                  -34.68


  Startpoint: x_delay_reg[83][10]
              (rising edge-triggered flip-flop clocked by clk)
  Endpoint: y_out_reg[0]
            (rising edge-triggered flip-flop clocked by clk)
  Path Group: clk
  Path Type: max

  Point                                    Incr       Path
  -----------------------------------------------------------
  clock clk (rise edge)                    0.00       0.00
  clock network delay (ideal)              0.00       0.00
  x_delay_reg[83][10]/CP (FD1P)            0.00 #     0.00 r
  x_delay_reg[83][10]/Q (FD1P)             1.75       1.75 f
  U11351/S (FA1AP)                         2.18       3.94 r
  U11987/S (FA1AP)                         2.18       6.12 r
  U12510/S (FA1AP)                         2.18       8.30 r
  U13188/S (FA1AP)                         2.11      10.41 r
  U13487/S (FA1AP)                         2.18      12.60 r
  U14310/S (FA1AP)                         2.18      14.78 r
  U14978/S (FA1AP)                         2.18      16.97 r
  U15487/S (FA1AP)                         2.18      19.15 r
  U9244/S (FA1AP)                          2.18      21.33 r
  U16562/CO (FA1A)                         2.18      23.51 r
  U16640/S (FA1AP)                         2.11      25.63 r
  U907/S (FA1A)                            2.14      27.76 r
  U17361/CO (FA1AP)                        2.18      29.95 r
  U17365/S (FA1AP)                         2.18      32.13 r
  U17371/S (FA1AP)                         1.08      33.21 r
  U1403/S (FA1AP)                          2.11      35.33 f
  U9140/Z (IVDAP)                          0.62      35.94 f
  U1379/Z (AN2P)                           1.01      36.96 f
  U18239/Z (NR2P)                          0.94      37.90 r
  U9255/Z (MUX21L)                         0.96      38.86 r
  U9253/Z (MUX21LP)                        0.99      39.85 r
  U9433/Z (MUX21LP)                        0.49      40.34 f
  U9456/Z (MUX31LP)                        0.43      40.78 f
  U9455/Z (AO6P)                           1.06      41.84 r
  U19695/Z (ND2P)                          0.34      42.18 f
  U19696/Z2 (B2IP)                         1.01      43.20 f
  U9441/Z (AO3P)                           0.63      43.83 r
  y_out_reg[0]/D (FD2)                     0.00      43.83 r
  data arrival time                                  43.83

  clock clk (rise edge)                   10.00      10.00
  clock network delay (ideal)              0.00      10.00
  y_out_reg[0]/CP (FD2)                    0.00      10.00 r
  library setup time                      -0.85       9.15
  data required time                                  9.15
  -----------------------------------------------------------
  data required time                                  9.15
  data arrival time                                 -43.83
  -----------------------------------------------------------
  slack (VIOLATED)                                  -34.68


1
