 
****************************************
Report : timing
        -path full
        -delay max
        -max_paths 5
Design : fir_parallel_l3
Version: W-2024.09-SP2
Date   : Wed Mar 18 21:29:00 2026
****************************************

 # A fanout number of 1000 was used for high fanout net computations.

Operating Conditions: nom_pvt   Library: lsi_10k
Wire Load Model Mode: top

  Startpoint: x_delay_reg[195][14]
              (rising edge-triggered flip-flop clocked by clk)
  Endpoint: y_out_reg[9]
            (rising edge-triggered flip-flop clocked by clk)
  Path Group: clk
  Path Type: max

  Point                                    Incr       Path
  -----------------------------------------------------------
  clock clk (rise edge)                    0.00       0.00
  clock network delay (ideal)              0.00       0.00
  x_delay_reg[195][14]/CP (FD1P)           0.00 #     0.00 r
  x_delay_reg[195][14]/Q (FD1P)            1.88       1.88 r
  U11039/S (FA1AP)                         2.18       4.06 r
  U11476/S (FA1AP)                         2.18       6.25 r
  U12190/S (FA1AP)                         2.11       8.36 r
  U12628/S (FA1AP)                         2.18      10.54 r
  U1078/CO (FA1A)                          2.18      12.72 r
  U13132/S (FA1AP)                         2.18      14.91 r
  U9287/S (FA1AP)                          2.11      17.02 r
  U9591/S (FA1AP)                          2.18      19.20 r
  U1047/S (FA1A)                           2.14      21.34 r
  U9286/S (FA1AP)                          2.11      23.45 r
  U16095/S (FA1AP)                         2.11      25.56 r
  U16691/S (FA1AP)                         2.18      27.74 r
  U16885/S (FA1AP)                         2.18      29.93 r
  U17451/S (FA1AP)                         1.01      30.94 r
  U17668/S (FA1AP)                         2.26      33.20 r
  U19626/CO (FA1AP)                        2.40      35.59 r
  U18055/S (HA1P)                          1.26      36.85 f
  U9624/Z (NR2P)                           0.94      37.79 r
  U9396/Z (MUX21L)                         0.96      38.75 r
  U9395/Z (MUX21L)                         0.89      39.64 r
  U9389/Z (MUX21LP)                        0.56      40.20 f
  U9619/Z (MUX21L)                         0.89      41.09 r
  U9616/Z (MUX21LP)                        0.46      41.55 f
  U19690/Z (ND2P)                          0.75      42.30 r
  U19698/Z2 (B2IP)                         0.97      43.27 r
  U19729/Z (AO3P)                          0.48      43.75 f
  y_out_reg[9]/D (FD2)                     0.00      43.75 f
  data arrival time                                  43.75

  clock clk (rise edge)                   10.00      10.00
  clock network delay (ideal)              0.00      10.00
  y_out_reg[9]/CP (FD2)                    0.00      10.00 r
  library setup time                      -0.85       9.15
  data required time                                  9.15
  -----------------------------------------------------------
  data required time                                  9.15
  data arrival time                                 -43.75
  -----------------------------------------------------------
  slack (VIOLATED)                                  -34.60


  Startpoint: x_delay_reg[195][14]
              (rising edge-triggered flip-flop clocked by clk)
  Endpoint: y_out_reg[7]
            (rising edge-triggered flip-flop clocked by clk)
  Path Group: clk
  Path Type: max

  Point                                    Incr       Path
  -----------------------------------------------------------
  clock clk (rise edge)                    0.00       0.00
  clock network delay (ideal)              0.00       0.00
  x_delay_reg[195][14]/CP (FD1P)           0.00 #     0.00 r
  x_delay_reg[195][14]/Q (FD1P)            1.88       1.88 r
  U11039/S (FA1AP)                         2.18       4.06 r
  U11476/S (FA1AP)                         2.18       6.25 r
  U12190/S (FA1AP)                         2.11       8.36 r
  U12628/S (FA1AP)                         2.18      10.54 r
  U1078/CO (FA1A)                          2.18      12.72 r
  U13132/S (FA1AP)                         2.18      14.91 r
  U9287/S (FA1AP)                          2.11      17.02 r
  U9591/S (FA1AP)                          2.18      19.20 r
  U1047/S (FA1A)                           2.14      21.34 r
  U9286/S (FA1AP)                          2.11      23.45 r
  U16095/S (FA1AP)                         2.11      25.56 r
  U16691/S (FA1AP)                         2.18      27.74 r
  U16885/S (FA1AP)                         2.18      29.93 r
  U17451/S (FA1AP)                         1.01      30.94 r
  U17668/S (FA1AP)                         2.26      33.20 r
  U19626/CO (FA1AP)                        2.40      35.59 r
  U18055/S (HA1P)                          1.26      36.85 f
  U9624/Z (NR2P)                           0.94      37.79 r
  U9396/Z (MUX21L)                         0.96      38.75 r
  U9395/Z (MUX21L)                         0.89      39.64 r
  U9389/Z (MUX21LP)                        0.56      40.20 f
  U9619/Z (MUX21L)                         0.89      41.09 r
  U9616/Z (MUX21LP)                        0.46      41.55 f
  U19690/Z (ND2P)                          0.75      42.30 r
  U19698/Z2 (B2IP)                         0.97      43.27 r
  U19720/Z (AO3P)                          0.48      43.75 f
  y_out_reg[7]/D (FD2)                     0.00      43.75 f
  data arrival time                                  43.75

  clock clk (rise edge)                   10.00      10.00
  clock network delay (ideal)              0.00      10.00
  y_out_reg[7]/CP (FD2)                    0.00      10.00 r
  library setup time                      -0.85       9.15
  data required time                                  9.15
  -----------------------------------------------------------
  data required time                                  9.15
  data arrival time                                 -43.75
  -----------------------------------------------------------
  slack (VIOLATED)                                  -34.60


  Startpoint: x_delay_reg[195][14]
              (rising edge-triggered flip-flop clocked by clk)
  Endpoint: y_out_reg[4]
            (rising edge-triggered flip-flop clocked by clk)
  Path Group: clk
  Path Type: max

  Point                                    Incr       Path
  -----------------------------------------------------------
  clock clk (rise edge)                    0.00       0.00
  clock network delay (ideal)              0.00       0.00
  x_delay_reg[195][14]/CP (FD1P)           0.00 #     0.00 r
  x_delay_reg[195][14]/Q (FD1P)            1.88       1.88 r
  U11039/S (FA1AP)                         2.18       4.06 r
  U11476/S (FA1AP)                         2.18       6.25 r
  U12190/S (FA1AP)                         2.11       8.36 r
  U12628/S (FA1AP)                         2.18      10.54 r
  U1078/CO (FA1A)                          2.18      12.72 r
  U13132/S (FA1AP)                         2.18      14.91 r
  U9287/S (FA1AP)                          2.11      17.02 r
  U9591/S (FA1AP)                          2.18      19.20 r
  U1047/S (FA1A)                           2.14      21.34 r
  U9286/S (FA1AP)                          2.11      23.45 r
  U16095/S (FA1AP)                         2.11      25.56 r
  U16691/S (FA1AP)                         2.18      27.74 r
  U16885/S (FA1AP)                         2.18      29.93 r
  U17451/S (FA1AP)                         1.01      30.94 r
  U17668/S (FA1AP)                         2.26      33.20 r
  U19626/CO (FA1AP)                        2.40      35.59 r
  U18055/S (HA1P)                          1.26      36.85 f
  U9624/Z (NR2P)                           0.94      37.79 r
  U9396/Z (MUX21L)                         0.96      38.75 r
  U9395/Z (MUX21L)                         0.89      39.64 r
  U9389/Z (MUX21LP)                        0.56      40.20 f
  U9619/Z (MUX21L)                         0.89      41.09 r
  U9616/Z (MUX21LP)                        0.46      41.55 f
  U19690/Z (ND2P)                          0.75      42.30 r
  U19698/Z2 (B2IP)                         0.97      43.27 r
  U19710/Z (AO3P)                          0.48      43.75 f
  y_out_reg[4]/D (FD2)                     0.00      43.75 f
  data arrival time                                  43.75

  clock clk (rise edge)                   10.00      10.00
  clock network delay (ideal)              0.00      10.00
  y_out_reg[4]/CP (FD2)                    0.00      10.00 r
  library setup time                      -0.85       9.15
  data required time                                  9.15
  -----------------------------------------------------------
  data required time                                  9.15
  data arrival time                                 -43.75
  -----------------------------------------------------------
  slack (VIOLATED)                                  -34.60


  Startpoint: x_delay_reg[195][14]
              (rising edge-triggered flip-flop clocked by clk)
  Endpoint: y_out_reg[1]
            (rising edge-triggered flip-flop clocked by clk)
  Path Group: clk
  Path Type: max

  Point                                    Incr       Path
  -----------------------------------------------------------
  clock clk (rise edge)                    0.00       0.00
  clock network delay (ideal)              0.00       0.00
  x_delay_reg[195][14]/CP (FD1P)           0.00 #     0.00 r
  x_delay_reg[195][14]/Q (FD1P)            1.88       1.88 r
  U11039/S (FA1AP)                         2.18       4.06 r
  U11476/S (FA1AP)                         2.18       6.25 r
  U12190/S (FA1AP)                         2.11       8.36 r
  U12628/S (FA1AP)                         2.18      10.54 r
  U1078/CO (FA1A)                          2.18      12.72 r
  U13132/S (FA1AP)                         2.18      14.91 r
  U9287/S (FA1AP)                          2.11      17.02 r
  U9591/S (FA1AP)                          2.18      19.20 r
  U1047/S (FA1A)                           2.14      21.34 r
  U9286/S (FA1AP)                          2.11      23.45 r
  U16095/S (FA1AP)                         2.11      25.56 r
  U16691/S (FA1AP)                         2.18      27.74 r
  U16885/S (FA1AP)                         2.18      29.93 r
  U17451/S (FA1AP)                         1.01      30.94 r
  U17668/S (FA1AP)                         2.26      33.20 r
  U19626/CO (FA1AP)                        2.40      35.59 r
  U18055/S (HA1P)                          1.26      36.85 f
  U9624/Z (NR2P)                           0.94      37.79 r
  U9396/Z (MUX21L)                         0.96      38.75 r
  U9395/Z (MUX21L)                         0.89      39.64 r
  U9389/Z (MUX21LP)                        0.56      40.20 f
  U9619/Z (MUX21L)                         0.89      41.09 r
  U9616/Z (MUX21LP)                        0.46      41.55 f
  U19690/Z (ND2P)                          0.75      42.30 r
  U19698/Z2 (B2IP)                         0.97      43.27 r
  U19699/Z (AO3P)                          0.48      43.75 f
  y_out_reg[1]/D (FD2)                     0.00      43.75 f
  data arrival time                                  43.75

  clock clk (rise edge)                   10.00      10.00
  clock network delay (ideal)              0.00      10.00
  y_out_reg[1]/CP (FD2)                    0.00      10.00 r
  library setup time                      -0.85       9.15
  data required time                                  9.15
  -----------------------------------------------------------
  data required time                                  9.15
  data arrival time                                 -43.75
  -----------------------------------------------------------
  slack (VIOLATED)                                  -34.60


  Startpoint: x_delay_reg[195][14]
              (rising edge-triggered flip-flop clocked by clk)
  Endpoint: y_out_reg[0]
            (rising edge-triggered flip-flop clocked by clk)
  Path Group: clk
  Path Type: max

  Point                                    Incr       Path
  -----------------------------------------------------------
  clock clk (rise edge)                    0.00       0.00
  clock network delay (ideal)              0.00       0.00
  x_delay_reg[195][14]/CP (FD1P)           0.00 #     0.00 r
  x_delay_reg[195][14]/Q (FD1P)            1.88       1.88 r
  U11039/S (FA1AP)                         2.18       4.06 r
  U11476/S (FA1AP)                         2.18       6.25 r
  U12190/S (FA1AP)                         2.11       8.36 r
  U12628/S (FA1AP)                         2.18      10.54 r
  U1078/CO (FA1A)                          2.18      12.72 r
  U13132/S (FA1AP)                         2.18      14.91 r
  U9287/S (FA1AP)                          2.11      17.02 r
  U9591/S (FA1AP)                          2.18      19.20 r
  U1047/S (FA1A)                           2.14      21.34 r
  U9286/S (FA1AP)                          2.11      23.45 r
  U16095/S (FA1AP)                         2.11      25.56 r
  U16691/S (FA1AP)                         2.18      27.74 r
  U16885/S (FA1AP)                         2.18      29.93 r
  U17451/S (FA1AP)                         1.01      30.94 r
  U17668/S (FA1AP)                         2.26      33.20 r
  U19626/CO (FA1AP)                        2.40      35.59 r
  U18055/S (HA1P)                          1.26      36.85 f
  U9624/Z (NR2P)                           0.94      37.79 r
  U9396/Z (MUX21L)                         0.96      38.75 r
  U9395/Z (MUX21L)                         0.89      39.64 r
  U9389/Z (MUX21LP)                        0.56      40.20 f
  U9619/Z (MUX21L)                         0.89      41.09 r
  U9616/Z (MUX21LP)                        0.46      41.55 f
  U19690/Z (ND2P)                          0.75      42.30 r
  U19698/Z2 (B2IP)                         0.97      43.27 r
  U19696/Z (AO3P)                          0.48      43.75 f
  y_out_reg[0]/D (FD2)                     0.00      43.75 f
  data arrival time                                  43.75

  clock clk (rise edge)                   10.00      10.00
  clock network delay (ideal)              0.00      10.00
  y_out_reg[0]/CP (FD2)                    0.00      10.00 r
  library setup time                      -0.85       9.15
  data required time                                  9.15
  -----------------------------------------------------------
  data required time                                  9.15
  data arrival time                                 -43.75
  -----------------------------------------------------------
  slack (VIOLATED)                                  -34.60


1
